[debug] [2023-10-24T17:59:11.716Z] ----------------------------------------------------------------------
[debug] [2023-10-24T17:59:11.717Z] Command:       C:\Program Files\nodejs\node.exe C:\Users\Nemesis\AppData\Roaming\npm\node_modules\firebase-tools\lib\bin\firebase.js init
[debug] [2023-10-24T17:59:11.718Z] CLI Version:   12.7.0
[debug] [2023-10-24T17:59:11.718Z] Platform:      win32
[debug] [2023-10-24T17:59:11.718Z] Node Version:  v18.12.1
[debug] [2023-10-24T17:59:11.719Z] Time:          Tue Oct 24 2023 13:59:11 GMT-0400 (hora de Venezuela)
[debug] [2023-10-24T17:59:11.720Z] ----------------------------------------------------------------------
[debug] 
[debug] [2023-10-24T17:59:11.792Z] > command requires scopes: ["email","openid","https://www.googleapis.com/auth/cloudplatformprojects.readonly","https://www.googleapis.com/auth/firebase","https://www.googleapis.com/auth/cloud-platform"]
[debug] [2023-10-24T17:59:11.793Z] > authorizing via signed-in user (andreslugo51@gmail.com)
[info] 
     ######## #### ########  ######## ########     ###     ######  ########
     ##        ##  ##     ## ##       ##     ##  ##   ##  ##       ##
     ######    ##  ########  ######   ########  #########  ######  ######
     ##        ##  ##    ##  ##       ##     ## ##     ##       ## ##
     ##       #### ##     ## ######## ########  ##     ##  ######  ########

You're about to initialize a Firebase project in this directory:

  C:\Users\Nemesis\Desktop\Otros\CadiF1\Angular n1 - FRONT END MASTER\desafio

Before we get started, keep in mind:

  * You are initializing within an existing Firebase project directory

[info] 
=== Project Setup
[info] 
[info] First, let's associate this project directory with a Firebase project.
[info] You can create multiple project aliases by running firebase use --add, 
[info] but for now we'll just set up a default project.
[info] 
[debug] [2023-10-24T17:59:37.693Z] >>> [apiv2][query] GET https://firebase.googleapis.com/v1beta1/projects pageSize=100
[debug] [2023-10-24T17:59:38.306Z] <<< [apiv2][status] GET https://firebase.googleapis.com/v1beta1/projects 200
[debug] [2023-10-24T17:59:38.306Z] <<< [apiv2][body] GET https://firebase.googleapis.com/v1beta1/projects [omitted]
